#
# A fatal error has been detected by the Java Runtime Environment:
#
#  EXCEPTION_ACCESS_VIOLATION (0xc0000005) at pc=0x00000000506d0a86, pid=23992, tid=10672
#
# JRE version: Java(TM) SE Runtime Environment (8.0_60-b27) (build 1.8.0_60-b27)
# Java VM: Java HotSpot(TM) 64-Bit Server VM (25.60-b23 mixed mode windows-amd64 compressed oops)
# Problematic frame:
# V  [jvm.dll+0x4d0a86]
#
# Failed to write core dump. Minidumps are not enabled by default on client versions of Windows
#
# If you would like to submit a bug report, please visit:
#   http://bugreport.java.com/bugreport/crash.jsp
#

---------------  T H R E A D  ---------------

Current thread (0x0000000017144800):  JavaThread "C2 CompilerThread0" daemon [_thread_in_native, id=10672, stack(0x0000000018aa0000,0x0000000018ba0000)]

siginfo: ExceptionCode=0xc0000005, reading address 0x000000041b7c0c58

Registers:
RAX=0x000000001b7c0d68, RBX=0x000000001b7c0d00, RCX=0x000000041b7c0c58, RDX=0x000000000000076f
RSP=0x0000000018b9c2b0, RBP=0xffffffffffffffff, RSI=0x000000001b7c0d00, RDI=0x0000000019230260
R8 =0x0000000000000000, R9 =0x0000000000000001, R10=0x0000000000000002, R11=0x0000000000000000
R12=0x0000000018b9c6f0, R13=0x0000000000000000, R14=0x0000000050200000, R15=0x0000000000000001
RIP=0x00000000506d0a86, EFLAGS=0x0000000000010293

Top of Stack: (sp=0x0000000018b9c2b0)
0x0000000018b9c2b0:   000000001a0d7018 ffffffffffffffff
0x0000000018b9c2c0:   000000001bd7f000 000000001affd540
0x0000000018b9c2d0:   000000001f29d0e0 000000005065f1df
0x0000000018b9c2e0:   000000001f355990 000000001b7c0c58
0x0000000018b9c2f0:   0000000019230260 00000000509d5bb0
0x0000000018b9c300:   0000000300000446 0000000019230260
0x0000000018b9c310:   0000000000000018 0000000000000446
0x0000000018b9c320:   0000000000000000 0000000000000000
0x0000000018b9c330:   0000000018b9c400 00000000000003d8
0x0000000018b9c340:   0000000017154e08 0000000017154a30
0x0000000018b9c350:   0000000018b9c480 0000000000000000
0x0000000018b9c360:   0000000018b9c6f0 0000000017154a20
0x0000000018b9c370:   0000000000000000 0000000050662644
0x0000000018b9c380:   0000000018b9c6f0 0000000018b9c401
0x0000000018b9c390:   00000000ffffffff 0000000000000003
0x0000000018b9c3a0:   0000000000000002 0000000017154a20 

Instructions: (pc=0x00000000506d0a86)
0x00000000506d0a66:   81 79 60 e7 03 00 00 48 8b d9 75 0d 48 8b 05 cf
0x00000000506d0a76:   c1 33 00 48 83 c4 20 5b c3 48 8b 41 08 48 8b 08
0x00000000506d0a86:   48 8b 01 ff 50 28 83 78 10 08 75 16 8b 4b 30 3b
0x00000000506d0a96:   48 18 73 0e 48 8b 40 20 48 8b 04 c8 48 83 c4 20 


Register to memory mapping:

RAX=0x000000001b7c0d68 is an unknown value
RBX=0x000000001b7c0d00 is an unknown value
RCX=0x000000041b7c0c58 is an unknown value
RDX=0x000000000000076f is an unknown value
RSP=0x0000000018b9c2b0 is pointing into the stack for thread: 0x0000000017144800
RBP=0xffffffffffffffff is an unknown value
RSI=0x000000001b7c0d00 is an unknown value
RDI=0x0000000019230260 is an unknown value
R8 =0x0000000000000000 is an unknown value
R9 =0x0000000000000001 is an unknown value
R10=0x0000000000000002 is an unknown value
R11=0x0000000000000000 is an unknown value
R12=0x0000000018b9c6f0 is pointing into the stack for thread: 0x0000000017144800
R13=0x0000000000000000 is an unknown value
R14=0x0000000050200000 is an unknown value
R15=0x0000000000000001 is an unknown value


Stack: [0x0000000018aa0000,0x0000000018ba0000],  sp=0x0000000018b9c2b0,  free space=1008k
Native frames: (J=compiled Java code, j=interpreted, Vv=VM code, C=native code)
V  [jvm.dll+0x4d0a86]
V  [jvm.dll+0x45f1df]
V  [jvm.dll+0x462644]
V  [jvm.dll+0x46d51b]
V  [jvm.dll+0x46fb32]
V  [jvm.dll+0x452cb2]
V  [jvm.dll+0xa4662]
V  [jvm.dll+0xa4f9f]
V  [jvm.dll+0x243134]
V  [jvm.dll+0x299f6a]
C  [msvcr100.dll+0x21d9f]
C  [msvcr100.dll+0x21e3b]
C  [KERNEL32.DLL+0x12d92]
C  [ntdll.dll+0x9f64]


Current CompileTask:
C2:  13542 4622   !   4       org.springframework.core.annotation.AnnotationUtils::findAnnotation (217 bytes)


---------------  P R O C E S S  ---------------

Java Threads: ( => current thread )
  0x000000001b8d6800 JavaThread "Abandoned connection cleanup thread" daemon [_thread_blocked, id=21720, stack(0x000000001e1b0000,0x000000001e2b0000)]
  0x000000001b8da800 JavaThread "Tomcat JDBC Pool Cleaner[495053715:1446453945730]" daemon [_thread_blocked, id=27824, stack(0x000000001e0b0000,0x000000001e1b0000)]
  0x000000001b8d5000 JavaThread "container-0" [_thread_blocked, id=24276, stack(0x000000001dfb0000,0x000000001e0b0000)]
  0x000000001b8d6000 JavaThread "ContainerBackgroundProcessor[StandardEngine[Tomcat].StandardHost[localhost].StandardContext[]]" daemon [_thread_blocked, id=7876, stack(0x000000001db80000,0x000000001dc80000)]
  0x000000001b8d4800 JavaThread "localhost-startStop-1" daemon [_thread_blocked, id=27556, stack(0x000000001d880000,0x000000001d980000)]
  0x000000001b8db000 JavaThread "Tomcat-startStop-1" daemon [_thread_blocked, id=20200, stack(0x000000001dcb0000,0x000000001ddb0000)]
  0x00000000190af800 JavaThread "Monitor Ctrl-Break" daemon [_thread_in_native, id=21368, stack(0x0000000019950000,0x0000000019a50000)]
  0x000000001718e000 JavaThread "Service Thread" daemon [_thread_blocked, id=16120, stack(0x0000000018da0000,0x0000000018ea0000)]
  0x0000000017156000 JavaThread "C1 CompilerThread2" daemon [_thread_blocked, id=16852, stack(0x0000000018ca0000,0x0000000018da0000)]
  0x0000000017146800 JavaThread "C2 CompilerThread1" daemon [_thread_blocked, id=27504, stack(0x0000000018ba0000,0x0000000018ca0000)]
=>0x0000000017144800 JavaThread "C2 CompilerThread0" daemon [_thread_in_native, id=10672, stack(0x0000000018aa0000,0x0000000018ba0000)]
  0x0000000017144000 JavaThread "Attach Listener" daemon [_thread_blocked, id=23624, stack(0x00000000189a0000,0x0000000018aa0000)]
  0x0000000017143000 JavaThread "Signal Dispatcher" daemon [_thread_blocked, id=19620, stack(0x00000000188a0000,0x00000000189a0000)]
  0x000000000278b800 JavaThread "Finalizer" daemon [_thread_blocked, id=25068, stack(0x00000000183a0000,0x00000000184a0000)]
  0x0000000002783800 JavaThread "Reference Handler" daemon [_thread_blocked, id=5472, stack(0x00000000182a0000,0x00000000183a0000)]
  0x0000000002693800 JavaThread "main" [_thread_in_Java, id=18072, stack(0x0000000002590000,0x0000000002690000)]

Other Threads:
  0x00000000170f6000 VMThread [stack: 0x00000000181a0000,0x00000000182a0000] [id=11820]
  0x0000000018558800 WatcherThread [stack: 0x0000000018ea0000,0x0000000018fa0000] [id=11408]

VM state:not at safepoint (normal execution)

VM Mutex/Monitor currently owned by a thread: None

Heap:
 PSYoungGen      total 172544K, used 26023K [0x00000000d6c00000, 0x00000000e4e00000, 0x0000000100000000)
  eden space 160256K, 8% used [0x00000000d6c00000,0x00000000d7970140,0x00000000e0880000)
  from space 12288K, 99% used [0x00000000e0880000,0x00000000e1479cf8,0x00000000e1480000)
  to   space 14336K, 0% used [0x00000000e4000000,0x00000000e4000000,0x00000000e4e00000)
 ParOldGen       total 98304K, used 23873K [0x0000000084400000, 0x000000008a400000, 0x00000000d6c00000)
  object space 98304K, 24% used [0x0000000084400000,0x0000000085b506e0,0x000000008a400000)
 Metaspace       used 44290K, capacity 44794K, committed 45184K, reserved 1089536K
  class space    used 5644K, capacity 5759K, committed 5760K, reserved 1048576K

Card table byte_map: [0x0000000011b50000,0x0000000011f30000] byte_map_base: 0x000000001172e000

Marking Bits: (ParMarkBitMap*) 0x0000000050a0a5b0
 Begin Bits: [0x00000000125d0000, 0x00000000144c0000)
 End Bits:   [0x00000000144c0000, 0x00000000163b0000)

Polling page: 0x0000000000870000

CodeCache: size=245760Kb used=15134Kb max_used=15145Kb free=230625Kb
 bounds [0x0000000002790000, 0x0000000003670000, 0x0000000011790000]
 total_blobs=4682 nmethods=4192 adapters=401
 compilation: enabled

Compilation events (10 events):
Event: 13.409 Thread 0x0000000017156000 4722       3       java.beans.PropertyDescriptor::<init> (112 bytes)
Event: 13.410 Thread 0x0000000017156000 nmethod 4722 0x000000000363d090 code [0x000000000363d260, 0x000000000363d9e8]
Event: 13.410 Thread 0x0000000017156000 4723   !   3       java.beans.PropertyDescriptor::updateGenericsFor (37 bytes)
Event: 13.411 Thread 0x0000000017156000 nmethod 4723 0x000000000363dcd0 code [0x000000000363df40, 0x000000000363f0b8]
Event: 13.417 Thread 0x0000000017156000 4724       3       org.springframework.cglib.core.AbstractClassGenerator::getClassLoader (53 bytes)
Event: 13.418 Thread 0x0000000017156000 nmethod 4724 0x000000000363f950 code [0x000000000363fc00, 0x00000000036411f8]
Event: 13.426 Thread 0x0000000017156000 4725       3       sun.reflect.generics.reflectiveObjects.TypeVariableImpl::toString (5 bytes)
Event: 13.427 Thread 0x0000000017156000 nmethod 4725 0x0000000003629150 code [0x00000000036292a0, 0x0000000003629410]
Event: 13.428 Thread 0x0000000017156000 4726       3       sun.reflect.generics.parser.SignatureParser::parseZeroOrMoreThrowsSignatures (51 bytes)
Event: 13.428 Thread 0x0000000017156000 nmethod 4726 0x0000000003641bd0 code [0x0000000003641dc0, 0x0000000003642828]

GC Heap History (10 events):
Event: 7.410 GC heap before
{Heap before GC invocations=9 (full 1):
 PSYoungGen      total 131072K, used 6239K [0x00000000d6c00000, 0x00000000df400000, 0x0000000100000000)
  eden space 124416K, 0% used [0x00000000d6c00000,0x00000000d6c00000,0x00000000de580000)
  from space 6656K, 93% used [0x00000000dec80000,0x00000000df297e48,0x00000000df300000)
  to   space 7168K, 0% used [0x00000000de580000,0x00000000de580000,0x00000000dec80000)
 ParOldGen       total 84992K, used 4493K [0x0000000084400000, 0x0000000089700000, 0x00000000d6c00000)
  object space 84992K, 5% used [0x0000000084400000,0x0000000084863420,0x0000000089700000)
 Metaspace       used 20971K, capacity 21184K, committed 21296K, reserved 1069056K
  class space    used 2629K, capacity 2688K, committed 2688K, reserved 1048576K
Event: 7.527 GC heap after
Heap after GC invocations=9 (full 1):
 PSYoungGen      total 131072K, used 0K [0x00000000d6c00000, 0x00000000df400000, 0x0000000100000000)
  eden space 124416K, 0% used [0x00000000d6c00000,0x00000000d6c00000,0x00000000de580000)
  from space 6656K, 0% used [0x00000000dec80000,0x00000000dec80000,0x00000000df300000)
  to   space 7168K, 0% used [0x00000000de580000,0x00000000de580000,0x00000000dec80000)
 ParOldGen       total 56832K, used 9303K [0x0000000084400000, 0x0000000087b80000, 0x00000000d6c00000)
  object space 56832K, 16% used [0x0000000084400000,0x0000000084d15e60,0x0000000087b80000)
 Metaspace       used 20971K, capacity 21184K, committed 21296K, reserved 1069056K
  class space    used 2629K, capacity 2688K, committed 2688K, reserved 1048576K
}
Event: 9.250 GC heap before
{Heap before GC invocations=10 (full 1):
 PSYoungGen      total 131072K, used 124416K [0x00000000d6c00000, 0x00000000df400000, 0x0000000100000000)
  eden space 124416K, 100% used [0x00000000d6c00000,0x00000000de580000,0x00000000de580000)
  from space 6656K, 0% used [0x00000000dec80000,0x00000000dec80000,0x00000000df300000)
  to   space 7168K, 0% used [0x00000000de580000,0x00000000de580000,0x00000000dec80000)
 ParOldGen       total 56832K, used 9303K [0x0000000084400000, 0x0000000087b80000, 0x00000000d6c00000)
  object space 56832K, 16% used [0x0000000084400000,0x0000000084d15e60,0x0000000087b80000)
 Metaspace       used 26108K, capacity 26366K, committed 26624K, reserved 1073152K
  class space    used 3250K, capacity 3301K, committed 3328K, reserved 1048576K
Event: 9.261 GC heap after
Heap after GC invocations=10 (full 1):
 PSYoungGen      total 131584K, used 7166K [0x00000000d6c00000, 0x00000000e1d80000, 0x0000000100000000)
  eden space 124416K, 0% used [0x00000000d6c00000,0x00000000d6c00000,0x00000000de580000)
  from space 7168K, 99% used [0x00000000de580000,0x00000000dec7fb20,0x00000000dec80000)
  to   space 9216K, 0% used [0x00000000e1480000,0x00000000e1480000,0x00000000e1d80000)
 ParOldGen       total 56832K, used 13198K [0x0000000084400000, 0x0000000087b80000, 0x00000000d6c00000)
  object space 56832K, 23% used [0x0000000084400000,0x00000000850e3b38,0x0000000087b80000)
 Metaspace       used 26108K, capacity 26366K, committed 26624K, reserved 1073152K
  class space    used 3250K, capacity 3301K, committed 3328K, reserved 1048576K
}
Event: 10.421 GC heap before
{Heap before GC invocations=11 (full 1):
 PSYoungGen      total 131584K, used 98444K [0x00000000d6c00000, 0x00000000e1d80000, 0x0000000100000000)
  eden space 124416K, 73% used [0x00000000d6c00000,0x00000000dc5236c0,0x00000000de580000)
  from space 7168K, 99% used [0x00000000de580000,0x00000000dec7fb20,0x00000000dec80000)
  to   space 9216K, 0% used [0x00000000e1480000,0x00000000e1480000,0x00000000e1d80000)
 ParOldGen       total 56832K, used 13198K [0x0000000084400000, 0x0000000087b80000, 0x00000000d6c00000)
  object space 56832K, 23% used [0x0000000084400000,0x00000000850e3b38,0x0000000087b80000)
 Metaspace       used 34899K, capacity 35200K, committed 35496K, reserved 1081344K
  class space    used 4414K, capacity 4516K, committed 4608K, reserved 1048576K
Event: 10.434 GC heap after
Heap after GC invocations=11 (full 1):
 PSYoungGen      total 169472K, used 9214K [0x00000000d6c00000, 0x00000000e2200000, 0x0000000100000000)
  eden space 160256K, 0% used [0x00000000d6c00000,0x00000000d6c00000,0x00000000e0880000)
  from space 9216K, 99% used [0x00000000e1480000,0x00000000e1d7fa40,0x00000000e1d80000)
  to   space 12288K, 0% used [0x00000000e0880000,0x00000000e0880000,0x00000000e1480000)
 ParOldGen       total 56832K, used 19196K [0x0000000084400000, 0x0000000087b80000, 0x00000000d6c00000)
  object space 56832K, 33% used [0x0000000084400000,0x00000000856bf350,0x0000000087b80000)
 Metaspace       used 34899K, capacity 35200K, committed 35496K, reserved 1081344K
  class space    used 4414K, capacity 4516K, committed 4608K, reserved 1048576K
}
Event: 10.434 GC heap before
{Heap before GC invocations=12 (full 2):
 PSYoungGen      total 169472K, used 9214K [0x00000000d6c00000, 0x00000000e2200000, 0x0000000100000000)
  eden space 160256K, 0% used [0x00000000d6c00000,0x00000000d6c00000,0x00000000e0880000)
  from space 9216K, 99% used [0x00000000e1480000,0x00000000e1d7fa40,0x00000000e1d80000)
  to   space 12288K, 0% used [0x00000000e0880000,0x00000000e0880000,0x00000000e1480000)
 ParOldGen       total 56832K, used 19196K [0x0000000084400000, 0x0000000087b80000, 0x00000000d6c00000)
  object space 56832K, 33% used [0x0000000084400000,0x00000000856bf350,0x0000000087b80000)
 Metaspace       used 34899K, capacity 35200K, committed 35496K, reserved 1081344K
  class space    used 4414K, capacity 4516K, committed 4608K, reserved 1048576K
Event: 10.494 GC heap after
Heap after GC invocations=12 (full 2):
 PSYoungGen      total 169472K, used 0K [0x00000000d6c00000, 0x00000000e2200000, 0x0000000100000000)
  eden space 160256K, 0% used [0x00000000d6c00000,0x00000000d6c00000,0x00000000e0880000)
  from space 9216K, 0% used [0x00000000e1480000,0x00000000e1480000,0x00000000e1d80000)
  to   space 12288K, 0% used [0x00000000e0880000,0x00000000e0880000,0x00000000e1480000)
 ParOldGen       total 98304K, used 22515K [0x0000000084400000, 0x000000008a400000, 0x00000000d6c00000)
  object space 98304K, 22% used [0x0000000084400000,0x00000000859fce50,0x000000008a400000)
 Metaspace       used 34899K, capacity 35200K, committed 35496K, reserved 1081344K
  class space    used 4414K, capacity 4516K, committed 4608K, reserved 1048576K
}
Event: 13.377 GC heap before
{Heap before GC invocations=13 (full 2):
 PSYoungGen      total 169472K, used 160256K [0x00000000d6c00000, 0x00000000e2200000, 0x0000000100000000)
  eden space 160256K, 100% used [0x00000000d6c00000,0x00000000e0880000,0x00000000e0880000)
  from space 9216K, 0% used [0x00000000e1480000,0x00000000e1480000,0x00000000e1d80000)
  to   space 12288K, 0% used [0x00000000e0880000,0x00000000e0880000,0x00000000e1480000)
 ParOldGen       total 98304K, used 22515K [0x0000000084400000, 0x000000008a400000, 0x00000000d6c00000)
  object space 98304K, 22% used [0x0000000084400000,0x00000000859fce50,0x000000008a400000)
 Metaspace       used 44168K, capacity 44634K, committed 44928K, reserved 1089536K
  class space    used 5623K, capacity 5727K, committed 5760K, reserved 1048576K
Event: 13.407 GC heap after
Heap after GC invocations=13 (full 2):
 PSYoungGen      total 172544K, used 12263K [0x00000000d6c00000, 0x00000000e4e00000, 0x0000000100000000)
  eden space 160256K, 0% used [0x00000000d6c00000,0x00000000d6c00000,0x00000000e0880000)
  from space 12288K, 99% used [0x00000000e0880000,0x00000000e1479cf8,0x00000000e1480000)
  to   space 14336K, 0% used [0x00000000e4000000,0x00000000e4000000,0x00000000e4e00000)
 ParOldGen       total 98304K, used 23873K [0x0000000084400000, 0x000000008a400000, 0x00000000d6c00000)
  object space 98304K, 24% used [0x0000000084400000,0x0000000085b506e0,0x000000008a400000)
 Metaspace       used 44168K, capacity 44634K, committed 44928K, reserved 1089536K
  class space    used 5623K, capacity 5727K, committed 5760K, reserved 1048576K
}

Deoptimization events (10 events):
Event: 11.828 Thread 0x0000000002693800 Uncommon trap: reason=unstable_if action=reinterpret pc=0x00000000028b2e40 method=java.lang.CharacterData.of(I)Ljava/lang/CharacterData; @ 4
Event: 11.921 Thread 0x0000000002693800 Uncommon trap: reason=unstable_if action=reinterpret pc=0x0000000002c278d0 method=java.lang.String.indexOf([CII[CIII)I @ 27
Event: 11.921 Thread 0x0000000002693800 Uncommon trap: reason=unstable_if action=reinterpret pc=0x0000000002b3cec0 method=java.lang.String.indexOf([CII[CIII)I @ 27
Event: 12.028 Thread 0x0000000002693800 Uncommon trap: reason=unstable_if action=reinterpret pc=0x0000000002c4440c method=java.util.HashMap.hash(Ljava/lang/Object;)I @ 1
Event: 12.100 Thread 0x0000000002693800 Uncommon trap: reason=bimorphic action=maybe_recompile pc=0x00000000035123e4 method=java.util.regex.Pattern$Curly.match0(Ljava/util/regex/Matcher;IILjava/lang/CharSequence;)Z @ 170
Event: 12.100 Thread 0x0000000002693800 Uncommon trap: reason=bimorphic action=maybe_recompile pc=0x0000000003512320 method=java.util.regex.Pattern$Curly.match0(Ljava/util/regex/Matcher;IILjava/lang/CharSequence;)Z @ 141
Event: 12.100 Thread 0x0000000002693800 Uncommon trap: reason=bimorphic action=maybe_recompile pc=0x00000000035123e4 method=java.util.regex.Pattern$Curly.match0(Ljava/util/regex/Matcher;IILjava/lang/CharSequence;)Z @ 170
Event: 12.928 Thread 0x0000000002693800 Uncommon trap: reason=unstable_if action=reinterpret pc=0x0000000002c39630 method=java.util.HashMap.hash(Ljava/lang/Object;)I @ 1
Event: 13.096 Thread 0x0000000002693800 Uncommon trap: reason=predicate action=maybe_recompile pc=0x000000000307fa64 method=org.springframework.util.ReflectionUtils.doWithMethods(Ljava/lang/Class;Lorg/springframework/util/ReflectionUtils$MethodCallback;Lorg/springframework/util/ReflectionUtils$M/&v!¡@*@
Event: 13.126 Thread 0x0000000002693800 Uncommon trap: reason=unstable_if action=reinterpret pc=0x0000000002967788 method=org.springframework.util.ConcurrentReferenceHashMap$Segment.findInChain(Lorg/springframework/util/ConcurrentReferenceHashMap$Reference;Ljava/lang/Object;I)Lorg/springframewor'óÓëÄ§'@

Internal exceptions (10 events):
Event: 13.349 Thread 0x0000000002693800 Exception <a 'java/lang/ClassNotFoundException': org/springframework/boot/autoconfigure/jta/JtaPropertiesBeanInfo> (0x00000000e07e4ab8) thrown at [C:\re\workspace\8-2-build-windows-amd64-cygwin\jdk8u60\4407\hotspot\src\share\vm\classfile\systemDictionary.c¯vè¬Þ²*@
Event: 13.349 Thread 0x0000000002693800 Exception <a 'java/lang/ClassNotFoundException': org/springframework/boot/autoconfigure/jta/JtaPropertiesCustomizer> (0x00000000e07fdc68) thrown at [C:\re\workspace\8-2-build-windows-amd64-cygwin\jdk8u60\4407\hotspot\src\share\vm\classfile\systemDictionary ~4uöÐ*@
Event: 13.408 Thread 0x0000000002693800 Exception <a 'java/lang/ClassNotFoundException': org/springframework/boot/autoconfigure/jdbc/DataSourceAutoConfiguration$JdbcTemplateConfiguration$$EnhancerBySpringCGLIB$$3d8e1ad1BeanInfo> (0x00000000d6c1ccf8) thrown at [C:\re\workspace\8-2-build-windows-aìçº—,Ñ*@
Event: 13.409 Thread 0x0000000002693800 Exception <a 'java/lang/ClassNotFoundException': org/springframework/boot/autoconfigure/jdbc/DataSourceAutoConfiguration$JdbcTemplateConfigurationBeanInfo> (0x00000000d6c41480) thrown at [C:\re\workspace\8-2-build-windows-amd64-cygwin\jdk8u60\4407\hotspot\ùÀvaÑ*@
Event: 13.409 Thread 0x0000000002693800 Exception <a 'java/lang/ClassNotFoundException': org/springframework/boot/autoconfigure/jdbc/DataSourceAutoConfiguration$JdbcTemplateConfigurationCustomizer> (0x00000000d6c66cd8) thrown at [C:\re\workspace\8-2-build-windows-amd64-cygwin\jdk8u60\4407\hotspo
Event: 13.411 Thread 0x0000000002693800 Exception <a 'java/lang/ClassNotFoundException': org/springframework/boot/autoconfigure/jdbc/DataSourceAutoConfiguration$JdbcTemplateConfiguration$$EnhancerBySpringCGLIB$$3d8e1ad1Customizer> (0x00000000d6c989c0) thrown at [C:\re\workspace\8-2-build-windows=äØ*@
Event: 13.424 Thread 0x0000000002693800 Exception <a 'java/lang/ClassNotFoundException': org/springframework/jdbc/core/JdbcTemplateBeanInfo> (0x00000000d6da1bc0) thrown at [C:\re\workspace\8-2-build-windows-amd64-cygwin\jdk8u60\4407\hotspot\src\share\vm\classfile\systemDictionary.cpp, line 210]
Event: 13.424 Thread 0x0000000002693800 Exception <a 'java/lang/ClassNotFoundException': org/springframework/jdbc/support/JdbcAccessorBeanInfo> (0x00000000d6db7be0) thrown at [C:\re\workspace\8-2-build-windows-amd64-cygwin\jdk8u60\4407\hotspot\src\share\vm\classfile\systemDictionary.cpp, line 21»èõNfÙ*@
Event: 13.425 Thread 0x0000000002693800 Exception <a 'java/lang/ClassNotFoundException': org/springframework/jdbc/support/JdbcAccessorCustomizer> (0x00000000d6dce1e8) thrown at [C:\re\workspace\8-2-build-windows-amd64-cygwin\jdk8u60\4407\hotspot\src\share\vm\classfile\systemDictionary.cpp, line :¢Dw
Ú*@
Event: 13.426 Thread 0x0000000002693800 Exception <a 'java/lang/ClassNotFoundException': org/springframework/jdbc/core/JdbcTemplateCustomizer> (0x00000000d6dedc78) thrown at [C:\re\workspace\8-2-build-windows-amd64-cygwin\jdk8u60\4407\hotspot\src\share\vm\classfile\systemDictionary.cpp, line 210à`ƒ9 ²*@

Events (10 events):
Event: 13.424 loading class org/springframework/jdbc/support/JdbcAccessorCustomizer
Event: 13.424 loading class org/springframework/jdbc/support/JdbcAccessorCustomizer done
Event: 13.425 loading class org/springframework/jdbc/support/JdbcAccessorCustomizer
Event: 13.425 loading class org/springframework/jdbc/support/JdbcAccessorCustomizer done
Event: 13.425 loading class org/springframework/jdbc/core/JdbcTemplateCustomizer
Event: 13.425 loading class org/springframework/jdbc/core/JdbcTemplateCustomizer done
Event: 13.425 loading class org/springframework/jdbc/core/JdbcTemplateCustomizer
Event: 13.425 loading class org/springframework/jdbc/core/JdbcTemplateCustomizer done
Event: 13.426 loading class org/springframework/jdbc/core/JdbcTemplateCustomizer
Event: 13.426 loading class org/springframework/jdbc/core/JdbcTemplateCustomizer done


Dynamic libraries:
0x00007ff70bcd0000 - 0x00007ff70bd07000 	D:\Java\jdk1.8.0_60\bin\java.exe
0x00007ffe62db0000 - 0x00007ffe62f71000 	C:\Windows\SYSTEM32\ntdll.dll
0x00007ffe61f30000 - 0x00007ffe61fdd000 	C:\Windows\system32\KERNEL32.DLL
0x00007ffe60080000 - 0x00007ffe6025d000 	C:\Windows\system32\KERNELBASE.dll
0x00007ffe62170000 - 0x00007ffe62216000 	C:\Windows\system32\ADVAPI32.dll
0x00007ffe62b00000 - 0x00007ffe62b9d000 	C:\Windows\system32\msvcrt.dll
0x00007ffe62a40000 - 0x00007ffe62a9b000 	C:\Windows\system32\sechost.dll
0x00007ffe62450000 - 0x00007ffe62576000 	C:\Windows\system32\RPCRT4.dll
0x00007ffe62580000 - 0x00007ffe626ce000 	C:\Windows\system32\USER32.dll
0x00007ffe61fe0000 - 0x00007ffe62166000 	C:\Windows\system32\GDI32.dll
0x00007ffe52f60000 - 0x00007ffe531d4000 	C:\Windows\WinSxS\amd64_microsoft.windows.common-controls_6595b64144ccf1df_6.0.10240.16384_none_f41f7b285750ef43\COMCTL32.dll
0x00007ffe61e90000 - 0x00007ffe61ec6000 	C:\Windows\system32\IMM32.DLL
0x00007ffe61c50000 - 0x00007ffe61dac000 	C:\Windows\system32\MSCTF.dll
0x0000000050a90000 - 0x0000000050b62000 	D:\Java\jdk1.8.0_60\jre\bin\msvcr100.dll
0x0000000050200000 - 0x0000000050a89000 	D:\Java\jdk1.8.0_60\jre\bin\server\jvm.dll
0x00007ffe62a30000 - 0x00007ffe62a38000 	C:\Windows\system32\PSAPI.DLL
0x00007ffe5ddf0000 - 0x00007ffe5ddf9000 	C:\Windows\SYSTEM32\WSOCK32.dll
0x00007ffe61e20000 - 0x00007ffe61e89000 	C:\Windows\system32\WS2_32.dll
0x00007ffe62da0000 - 0x00007ffe62da8000 	C:\Windows\system32\NSI.dll
0x00007ffe5c1b0000 - 0x00007ffe5c1d3000 	C:\Windows\SYSTEM32\WINMM.dll
0x00007ffe5e450000 - 0x00007ffe5e45a000 	C:\Windows\SYSTEM32\VERSION.dll
0x00007ffe5b1b0000 - 0x00007ffe5b1dc000 	C:\Windows\SYSTEM32\WINMMBASE.dll
0x00007ffe60430000 - 0x00007ffe60474000 	C:\Windows\system32\cfgmgr32.dll
0x00007ffe5def0000 - 0x00007ffe5df17000 	C:\Windows\SYSTEM32\DEVOBJ.dll
0x00000000501f0000 - 0x00000000501ff000 	D:\Java\jdk1.8.0_60\jre\bin\verify.dll
0x00000000501c0000 - 0x00000000501e9000 	D:\Java\jdk1.8.0_60\jre\bin\java.dll
0x00000000501a0000 - 0x00000000501b6000 	D:\Java\jdk1.8.0_60\jre\bin\zip.dll
0x00007ffe60700000 - 0x00007ffe61c22000 	C:\Windows\system32\SHELL32.dll
0x00007ffe5fa50000 - 0x00007ffe60079000 	C:\Windows\system32\windows.storage.dll
0x00007ffe627b0000 - 0x00007ffe62a2c000 	C:\Windows\system32\combase.dll
0x00007ffe62aa0000 - 0x00007ffe62af1000 	C:\Windows\system32\shlwapi.dll
0x00007ffe5f850000 - 0x00007ffe5f85f000 	C:\Windows\system32\kernel.appcore.dll
0x00007ffe5f880000 - 0x00007ffe5f933000 	C:\Windows\system32\shcore.dll
0x00007ffe5f800000 - 0x00007ffe5f84a000 	C:\Windows\system32\powrprof.dll
0x00007ffe5f7e0000 - 0x00007ffe5f7f3000 	C:\Windows\system32\profapi.dll
0x00007ffe5c2d0000 - 0x00007ffe5c2e0000 	D:\JetBrains\IntelliJ IDEA 14.1.4\bin\breakgen64.dll
0x0000000050180000 - 0x000000005019a000 	D:\Java\jdk1.8.0_60\jre\bin\net.dll
0x00007ffe5f050000 - 0x00007ffe5f0ad000 	C:\Windows\system32\mswsock.dll
0x00007ffe59ac0000 - 0x00007ffe59aed000 	C:\Program Files (x86)\Sangfor\SSL\ClientComponent\1_SangforNspX64.dll
0x00007ffe62c50000 - 0x00007ffe62d91000 	C:\Windows\system32\ole32.dll
0x00007ffe60640000 - 0x00007ffe606fe000 	C:\Windows\system32\OLEAUT32.dll
0x00007ffe59a60000 - 0x00007ffe59a75000 	C:\Windows\system32\napinsp.dll
0x00007ffe59aa0000 - 0x00007ffe59aba000 	C:\Windows\system32\pnrpnsp.dll
0x00007ffe5d950000 - 0x00007ffe5d968000 	C:\Windows\system32\NLAapi.dll
0x00007ffe5ee10000 - 0x00007ffe5eeb8000 	C:\Windows\SYSTEM32\DNSAPI.dll
0x00007ffe59c40000 - 0x00007ffe59c4d000 	C:\Windows\System32\winrnr.dll
0x00007ffe5e460000 - 0x00007ffe5e5da000 	C:\Program Files (x86)\Sangfor\SSL\ClientComponent2\SangforTcpX64.dll
0x00007ffe5f940000 - 0x00007ffe5f994000 	C:\Windows\system32\WINTRUST.dll
0x00007ffe5f860000 - 0x00007ffe5f871000 	C:\Windows\system32\MSASN1.dll
0x00007ffe60260000 - 0x00007ffe60421000 	C:\Windows\system32\CRYPT32.dll
0x00007ffe5b210000 - 0x00007ffe5b21a000 	C:\Windows\System32\rasadhlp.dll
0x00007ffe5cdd0000 - 0x00007ffe5ce08000 	C:\Windows\SYSTEM32\IPHLPAPI.DLL
0x00007ffe5d1d0000 - 0x00007ffe5d1db000 	C:\Windows\SYSTEM32\WINNSI.DLL
0x00007ffe5b820000 - 0x00007ffe5b888000 	C:\Windows\System32\fwpuclnt.dll
0x00007ffe5f670000 - 0x00007ffe5f698000 	C:\Windows\SYSTEM32\bcrypt.dll
0x0000000050150000 - 0x000000005015d000 	D:\Java\jdk1.8.0_60\jre\bin\management.dll
0x00007ffe5f0b0000 - 0x00007ffe5f0c7000 	C:\Windows\SYSTEM32\CRYPTSP.dll
0x00007ffe5ed00000 - 0x00007ffe5ed33000 	C:\Windows\system32\rsaenh.dll
0x00007ffe5edf0000 - 0x00007ffe5ee0f000 	C:\Windows\SYSTEM32\USERENV.dll
0x00007ffe5f600000 - 0x00007ffe5f66b000 	C:\Windows\system32\bcryptprimitives.dll
0x00007ffe5f220000 - 0x00007ffe5f22b000 	C:\Windows\SYSTEM32\CRYPTBASE.dll
0x00007ffe5c3a0000 - 0x00007ffe5c3b6000 	C:\Windows\SYSTEM32\dhcpcsvc6.DLL
0x00007ffe5cd50000 - 0x00007ffe5cd6a000 	C:\Windows\SYSTEM32\dhcpcsvc.DLL
0x0000000050160000 - 0x0000000050171000 	D:\Java\jdk1.8.0_60\jre\bin\nio.dll
0x00007ffe519f0000 - 0x00007ffe51b7a000 	C:\Windows\SYSTEM32\dbghelp.dll

VM Arguments:
jvm_args: -Didea.launcher.port=7534 -Didea.launcher.bin.path=D:\JetBrains\IntelliJ IDEA 14.1.4\bin -Dfile.encoding=GBK 
java_command: com.intellij.rt.execution.application.AppMain com.vito16.shop.Application --spring.output.ansi.enabled=always
java_class_path (initial): D:\Java\jdk1.8.0_60\jre\lib\charsets.jar;D:\Java\jdk1.8.0_60\jre\lib\deploy.jar;D:\Java\jdk1.8.0_60\jre\lib\javaws.jar;D:\Java\jdk1.8.0_60\jre\lib\jce.jar;D:\Java\jdk1.8.0_60\jre\lib\jfr.jar;D:\Java\jdk1.8.0_60\jre\lib\jfxswt.jar;D:\Java\jdk1.8.0_60\jre\lib\jsse.jar;D:\Java\jdk1.8.0_60\jre\lib\management-agent.jar;D:\Java\jdk1.8.0_60\jre\lib\plugin.jar;D:\Java\jdk1.8.0_60\jre\lib\resources.jar;D:\Java\jdk1.8.0_60\jre\lib\rt.jar;D:\Java\jdk1.8.0_60\jre\lib\ext\access-bridge-64.jar;D:\Java\jdk1.8.0_60\jre\lib\ext\cldrdata.jar;D:\Java\jdk1.8.0_60\jre\lib\ext\dnsns.jar;D:\Java\jdk1.8.0_60\jre\lib\ext\jaccess.jar;D:\Java\jdk1.8.0_60\jre\lib\ext\jfxrt.jar;D:\Java\jdk1.8.0_60\jre\lib\ext\localedata.jar;D:\Java\jdk1.8.0_60\jre\lib\ext\nashorn.jar;D:\Java\jdk1.8.0_60\jre\lib\ext\sunec.jar;D:\Java\jdk1.8.0_60\jre\lib\ext\sunjce_provider.jar;D:\Java\jdk1.8.0_60\jre\lib\ext\sunmscapi.jar;D:\Java\jdk1.8.0_60\jre\lib\ext\sunpkcs11.jar;D:\Java\jdk1.8.0_60\jre\lib\ext\zipfs.jar;D:\work\git\shop\target\classes;D:\repository\org\springframework\boot\spring-boot-starter-web\1.2.7.RELEASE\spring-boot-starter-web-1.2.7.RELEASE.jar;D:\repository\org\springframework\boot\spring-boot-starter\1.2.7.RELEASE\spring-boot-starter-1.2.7.RELEASE.jar;D:\repository\org\springframework\boot\spring-boot\1.2.7.RELEASE\spring-boot-1.2.7.RELEASE.jar;D:\repository\org\springframework\boot\spring-boot-autoconfigure\1.2.7.RELEASE\spring-boot-autoconfigure-1.2.7.RELEASE.jar;D:\repository\org\yaml\snakeyaml\1.14\snakeyaml-1.14.jar;D:\repository\com\fasterxml\jackson\core\jackson-databind\2.4.6\jackson-databind-2.4.6.jar;D:\repository\com\fasterxml\jackson\core\jackson-annotations\2.4.6\jackson-annotations-2.4.6.jar;D:\repository\com\fasterxml\jackson\core\jackson-core\2.4.6\jackson-core-2.4.6.jar;D:\repository\org\springframework\spring-core\4.1.8.RELEASE\spring-core-4.1.8.RELEASE.jar;D:\repository\org\springframework\spring-web\4.1.8.RELEASE\spring-web-4.1.8.RELEASE.jar;D:\repos
Launcher Type: SUN_STANDARD

Environment Variables:
JAVA_HOME=D:\Java\jdk1.8.0_60
PATH=C:\ProgramData\Oracle\Java\javapath;D:\CollabNet\Subversion Client;C:\Windows\system32;C:\Windows;C:\Windows\System32\Wbem;C:\Windows\System32\WindowsPowerShell\v1.0\;D:\nodejs\;D:\TortoiseSVN\bin;D:\apache-maven-3.3.3\bin;D:\Java\jdk1.8.0_60\bin;D:\spring-1.2.5.RELEASE\bin;C:\Users\vito\AppData\Roaming\npm
USERNAME=vito
OS=Windows_NT
PROCESSOR_IDENTIFIER=Intel64 Family 6 Model 42 Stepping 7, GenuineIntel



---------------  S Y S T E M  ---------------

OS: Windows 10.0 , 64 bit Build 10240 (10.0.10240.16384)

CPU:total 4 (2 cores per cpu, 2 threads per core) family 6 model 42 stepping 7, cmov, cx8, fxsr, mmx, sse, sse2, sse3, ssse3, sse4.1, sse4.2, popcnt, avx, clmul, ht, tsc, tscinvbit

Memory: 4k page, physical 8102188k(2423844k free), swap 11533236k(3537452k free)

vm_info: Java HotSpot(TM) 64-Bit Server VM (25.60-b23) for windows-amd64 JRE (1.8.0_60-b27), built on Aug  4 2015 11:06:27 by "java_re" with MS VC++ 10.0 (VS2010)

time: Mon Nov 02 16:45:49 2015
elapsed time: 13 seconds (0d 0h 0m 13s)

